2024-12-23 15:26:01 [main] INFO  com.project.client.RestaurantManagementSystem - Mian Mehtod Started...
2024-12-23 15:26:14 [main] INFO  com.project.repository.StaffRepositoryImpl - Admin Login Successfully :-> You Can Manage Your Restaurant...
2024-12-23 18:47:01 [main] INFO  com.project.client.RestaurantManagementSystem - Mian Mehtod Started...
2024-12-23 18:47:05 [main] INFO  com.project.client.RestaurantManagementSystem - Mian Mehtod Started...
2024-12-23 18:47:12 [main] INFO  com.project.repository.StaffRepositoryImpl - Admin Login Successfully :-> You Can Manage Your Restaurant...
2024-12-23 18:47:41 [main] INFO  com.project.client.RestaurantManagementSystem - Mian Mehtod Started...
2024-12-23 18:47:49 [main] INFO  com.project.repository.StaffRepositoryImpl - Admin Login Successfully :-> You Can Manage Your Restaurant...
2024-12-23 18:48:13 [main] INFO  com.project.client.RestaurantManagementSystem - Mian Mehtod Started...
2024-12-23 18:48:23 [main] INFO  com.project.repository.StaffRepositoryImpl - Admin Login Successfully :-> You Can Manage Your Restaurant...
2024-12-23 18:49:05 [main] INFO  com.project.client.RestaurantManagementSystem - Main Method End...
2024-12-23 18:51:22 [main] INFO  com.project.client.RestaurantManagementSystem - Mian Mehtod Started...
2024-12-23 18:51:30 [main] INFO  com.project.repository.StaffRepositoryImpl - Admin Login Successfully :-> You Can Manage Your Restaurant...
2024-12-23 18:52:07 [main] INFO  com.project.client.RestaurantManagementSystem - Mian Mehtod Started...
2024-12-23 18:52:16 [main] INFO  com.project.repository.StaffRepositoryImpl - Admin Login Successfully :-> You Can Manage Your Restaurant...
2024-12-23 18:52:44 [main] INFO  com.project.client.RestaurantManagementSystem - Mian Mehtod Started...
2024-12-23 18:52:52 [main] INFO  com.project.repository.StaffRepositoryImpl - Admin Login Successfully :-> You Can Manage Your Restaurant...
2024-12-23 18:53:13 [main] INFO  com.project.client.RestaurantManagementSystem - Mian Mehtod Started...
2024-12-23 18:53:20 [main] INFO  com.project.repository.StaffRepositoryImpl - Admin Login Successfully :-> You Can Manage Your Restaurant...
2024-12-23 18:53:46 [main] INFO  com.project.client.RestaurantManagementSystem - Mian Mehtod Started...
2024-12-23 18:53:52 [main] INFO  com.project.repository.StaffRepositoryImpl - Admin Login Successfully :-> You Can Manage Your Restaurant...
2024-12-23 18:54:11 [main] INFO  com.project.client.RestaurantManagementSystem - Mian Mehtod Started...
2024-12-23 18:54:19 [main] INFO  com.project.client.RestaurantManagementSystem - Mian Mehtod Started...
2024-12-23 18:54:26 [main] INFO  com.project.repository.StaffRepositoryImpl - Admin Login Successfully :-> You Can Manage Your Restaurant...
2024-12-23 18:54:59 [main] INFO  com.project.client.RestaurantManagementSystem - Mian Mehtod Started...
2024-12-23 18:55:04 [main] INFO  com.project.repository.StaffRepositoryImpl - Admin Login Successfully :-> You Can Manage Your Restaurant...
2024-12-23 18:55:26 [main] INFO  com.project.client.RestaurantManagementSystem - Mian Mehtod Started...
2024-12-23 18:55:32 [main] INFO  com.project.repository.StaffRepositoryImpl - Admin Login Successfully :-> You Can Manage Your Restaurant...
2024-12-23 18:57:20 [main] INFO  com.project.client.RestaurantManagementSystem - Mian Mehtod Started...
2024-12-23 18:57:26 [main] INFO  com.project.repository.StaffRepositoryImpl - Admin Login Successfully :-> You Can Manage Your Restaurant...
2024-12-23 18:58:09 [main] INFO  com.project.client.RestaurantManagementSystem - Mian Mehtod Started...
2024-12-23 18:58:15 [main] INFO  com.project.repository.StaffRepositoryImpl - Admin Login Successfully :-> You Can Manage Your Restaurant...
2024-12-23 18:59:09 [main] INFO  com.project.client.RestaurantManagementSystem - Mian Mehtod Started...
2024-12-23 18:59:14 [main] INFO  com.project.repository.StaffRepositoryImpl - Admin Login Successfully :-> You Can Manage Your Restaurant...
2024-12-23 19:00:36 [main] INFO  com.project.client.RestaurantManagementSystem - Mian Mehtod Started...
2024-12-23 19:00:42 [main] INFO  com.project.repository.StaffRepositoryImpl - Admin Login Successfully :-> You Can Manage Your Restaurant...
2024-12-23 19:01:18 [main] INFO  com.project.client.RestaurantManagementSystem - Mian Mehtod Started...
2024-12-23 19:01:24 [main] INFO  com.project.repository.StaffRepositoryImpl - Admin Login Successfully :-> You Can Manage Your Restaurant...
2024-12-23 19:02:02 [main] INFO  com.project.client.RestaurantManagementSystem - Mian Mehtod Started...
2024-12-23 19:02:08 [main] INFO  com.project.repository.StaffRepositoryImpl - Admin Login Successfully :-> You Can Manage Your Restaurant...
2024-12-23 19:02:30 [main] INFO  com.project.client.RestaurantManagementSystem - Mian Mehtod Started...
2024-12-23 19:02:35 [main] INFO  com.project.repository.StaffRepositoryImpl - Admin Login Successfully :-> You Can Manage Your Restaurant...
2024-12-23 19:02:54 [main] INFO  com.project.client.RestaurantManagementSystem - Mian Mehtod Started...
2024-12-23 19:02:59 [main] INFO  com.project.repository.StaffRepositoryImpl - Admin Login Successfully :-> You Can Manage Your Restaurant...
2024-12-23 19:03:13 [main] INFO  com.project.client.RestaurantManagementSystem - Mian Mehtod Started...
2024-12-23 19:03:18 [main] INFO  com.project.repository.StaffRepositoryImpl - Admin Login Successfully :-> You Can Manage Your Restaurant...
2024-12-23 19:03:33 [main] INFO  com.project.client.RestaurantManagementSystem - Mian Mehtod Started...
2024-12-23 19:03:38 [main] INFO  com.project.repository.StaffRepositoryImpl - Admin Login Successfully :-> You Can Manage Your Restaurant...
2024-12-23 19:03:58 [main] INFO  com.project.client.RestaurantManagementSystem - Mian Mehtod Started...
2024-12-23 19:04:05 [main] INFO  com.project.repository.StaffRepositoryImpl - Admin Login Successfully :-> You Can Manage Your Restaurant...
2024-12-23 19:04:19 [main] INFO  com.project.client.RestaurantManagementSystem - Mian Mehtod Started...
2024-12-23 19:04:36 [main] INFO  com.project.repository.StaffRepositoryImpl - Admin Login Successfully :-> You Can Manage Your Restaurant...
2024-12-23 19:04:57 [main] INFO  com.project.client.RestaurantManagementSystem - Mian Mehtod Started...
2024-12-23 19:05:03 [main] INFO  com.project.repository.StaffRepositoryImpl - Admin Login Successfully :-> You Can Manage Your Restaurant...
2024-12-23 19:05:22 [main] INFO  com.project.client.RestaurantManagementSystem - Mian Mehtod Started...
2024-12-23 19:05:28 [main] INFO  com.project.repository.StaffRepositoryImpl - Admin Login Successfully :-> You Can Manage Your Restaurant...
2024-12-23 19:05:43 [main] INFO  com.project.client.RestaurantManagementSystem - Mian Mehtod Started...
2024-12-23 19:05:48 [main] INFO  com.project.repository.StaffRepositoryImpl - Admin Login Successfully :-> You Can Manage Your Restaurant...
2024-12-23 19:06:06 [main] INFO  com.project.client.RestaurantManagementSystem - Mian Mehtod Started...
2024-12-23 19:06:14 [main] INFO  com.project.repository.StaffRepositoryImpl - Admin Login Successfully :-> You Can Manage Your Restaurant...
2024-12-23 19:06:35 [main] INFO  com.project.client.RestaurantManagementSystem - Mian Mehtod Started...
2024-12-23 19:06:42 [main] INFO  com.project.repository.StaffRepositoryImpl - Admin Login Successfully :-> You Can Manage Your Restaurant...
2024-12-23 19:06:58 [main] INFO  com.project.client.RestaurantManagementSystem - Mian Mehtod Started...
2024-12-23 19:07:05 [main] INFO  com.project.repository.StaffRepositoryImpl - Admin Login Successfully :-> You Can Manage Your Restaurant...
2024-12-23 19:07:23 [main] INFO  com.project.client.RestaurantManagementSystem - Mian Mehtod Started...
2024-12-23 19:07:29 [main] INFO  com.project.repository.StaffRepositoryImpl - Admin Login Successfully :-> You Can Manage Your Restaurant...
2024-12-23 19:08:37 [main] INFO  com.project.client.RestaurantManagementSystem - Mian Mehtod Started...
2024-12-23 19:08:43 [main] INFO  com.project.repository.StaffRepositoryImpl - Admin Login Successfully :-> You Can Manage Your Restaurant...
2024-12-23 19:09:38 [main] INFO  com.project.client.RestaurantManagementSystem - Mian Mehtod Started...
2024-12-23 19:09:46 [main] INFO  com.project.repository.StaffRepositoryImpl - Admin Login Successfully :-> You Can Manage Your Restaurant...
2024-12-23 19:11:46 [main] INFO  com.project.client.RestaurantManagementSystem - Mian Mehtod Started...
2024-12-23 19:11:53 [main] INFO  com.project.repository.StaffRepositoryImpl - Admin Login Successfully :-> You Can Manage Your Restaurant...
2024-12-23 19:12:42 [main] INFO  com.project.client.RestaurantManagementSystem - Mian Mehtod Started...
2024-12-23 19:12:48 [main] INFO  com.project.repository.StaffRepositoryImpl - Admin Login Successfully :-> You Can Manage Your Restaurant...
2024-12-23 19:13:24 [main] INFO  com.project.client.RestaurantManagementSystem - Mian Mehtod Started...
2024-12-23 19:13:30 [main] INFO  com.project.repository.StaffRepositoryImpl - Admin Login Successfully :-> You Can Manage Your Restaurant...
2024-12-23 19:16:58 [main] INFO  com.project.client.RestaurantManagementSystem - Mian Mehtod Started...
2024-12-23 19:17:06 [main] ERROR com.project.repository.StaffRepositoryImpl - -->Login Faild Please Check Username and password.!!!
2024-12-23 19:17:06 [main] INFO  com.project.client.RestaurantManagementSystem - Main Method End...
2024-12-23 19:17:15 [main] INFO  com.project.client.RestaurantManagementSystem - Mian Mehtod Started...
2024-12-23 19:17:20 [main] INFO  com.project.repository.StaffRepositoryImpl - Admin Login Successfully :-> You Can Manage Your Restaurant...
2024-12-23 19:17:52 [main] INFO  com.project.client.RestaurantManagementSystem - Mian Mehtod Started...
2024-12-23 19:17:57 [main] INFO  com.project.repository.StaffRepositoryImpl - Admin Login Successfully :-> You Can Manage Your Restaurant...
2024-12-23 19:18:28 [main] INFO  com.project.client.RestaurantManagementSystem - Mian Mehtod Started...
2024-12-23 19:18:34 [main] INFO  com.project.repository.StaffRepositoryImpl - Admin Login Successfully :-> You Can Manage Your Restaurant...
2024-12-23 19:18:58 [main] INFO  com.project.client.RestaurantManagementSystem - Mian Mehtod Started...
2024-12-23 19:19:03 [main] INFO  com.project.repository.StaffRepositoryImpl - Admin Login Successfully :-> You Can Manage Your Restaurant...
2024-12-23 19:19:16 [main] INFO  com.project.client.RestaurantManagementSystem - Mian Mehtod Started...
2024-12-23 19:19:17 [main] FATAL com.project.commons.DBConfiguration - Unknown Exception...
2024-12-23 19:19:17 [main] FATAL com.project.commons.DBConfiguration - Unknown Exception...
2024-12-23 19:19:17 [main] FATAL com.project.commons.DBConfiguration - Unknown Exception...
2024-12-23 19:19:17 [main] FATAL com.project.commons.DBConfiguration - Unknown Exception...
2024-12-23 19:19:25 [main] INFO  com.project.client.RestaurantManagementSystem - Mian Mehtod Started...
2024-12-23 19:19:26 [main] FATAL com.project.commons.DBConfiguration - Unknown Exception...
2024-12-23 19:19:26 [main] FATAL com.project.commons.DBConfiguration - Unknown Exception...
2024-12-23 19:19:26 [main] FATAL com.project.commons.DBConfiguration - Unknown Exception...
2024-12-23 19:19:26 [main] FATAL com.project.commons.DBConfiguration - Unknown Exception...
2024-12-23 19:19:26 [main] FATAL com.project.commons.DBConfiguration - Unknown Exception...
2024-12-23 19:19:49 [main] INFO  com.project.client.RestaurantManagementSystem - Mian Mehtod Started...
2024-12-23 19:19:51 [main] FATAL com.project.commons.DBConfiguration - Unknown Exception...
2024-12-23 19:19:51 [main] FATAL com.project.commons.DBConfiguration - Unknown Exception...
2024-12-23 19:19:51 [main] FATAL com.project.commons.DBConfiguration - Unknown Exception...
2024-12-23 19:19:51 [main] FATAL com.project.commons.DBConfiguration - Unknown Exception...
2024-12-23 19:19:51 [main] FATAL com.project.commons.DBConfiguration - Unknown Exception...
2024-12-23 19:22:04 [main] INFO  com.project.client.RestaurantManagementSystem - Mian Mehtod Started...
2024-12-23 19:22:04 [main] INFO  com.project.client.RestaurantManagementSystem - Mian Mehtod Started...
2024-12-23 19:22:11 [main] INFO  com.project.repository.StaffRepositoryImpl - Admin Login Successfully :-> You Can Manage Your Restaurant...
2024-12-23 19:23:54 [main] INFO  com.project.client.RestaurantManagementSystem - Mian Mehtod Started...
2024-12-23 19:24:00 [main] INFO  com.project.repository.StaffRepositoryImpl - Admin Login Successfully :-> You Can Manage Your Restaurant...
2024-12-23 19:24:41 [main] INFO  com.project.client.RestaurantManagementSystem - Mian Mehtod Started...
2024-12-23 19:24:45 [main] INFO  com.project.repository.StaffRepositoryImpl - Admin Login Successfully :-> You Can Manage Your Restaurant...
2024-12-23 19:25:01 [main] INFO  com.project.client.RestaurantManagementSystem - Mian Mehtod Started...
2024-12-23 19:25:06 [main] INFO  com.project.repository.StaffRepositoryImpl - Admin Login Successfully :-> You Can Manage Your Restaurant...
2024-12-23 19:27:26 [main] INFO  com.project.client.RestaurantManagementSystem - Mian Mehtod Started...
2024-12-23 19:27:33 [main] INFO  com.project.repository.StaffRepositoryImpl - Admin Login Successfully :-> You Can Manage Your Restaurant...
2024-12-23 19:27:59 [main] INFO  com.project.client.RestaurantManagementSystem - Mian Mehtod Started...
2024-12-23 19:28:06 [main] INFO  com.project.repository.StaffRepositoryImpl - Admin Login Successfully :-> You Can Manage Your Restaurant...
2024-12-23 19:28:40 [main] INFO  com.project.client.RestaurantManagementSystem - Mian Mehtod Started...
2024-12-23 19:28:44 [main] INFO  com.project.repository.StaffRepositoryImpl - Admin Login Successfully :-> You Can Manage Your Restaurant...
2024-12-23 19:29:05 [main] INFO  com.project.client.RestaurantManagementSystem - Mian Mehtod Started...
2024-12-23 19:29:11 [main] INFO  com.project.repository.StaffRepositoryImpl - Admin Login Successfully :-> You Can Manage Your Restaurant...
